Started GET "/" for 127.0.0.1 at 2021-11-13 16:43:14 -0500
  [1m[35m (124.9ms)[0m  [1m[34mSELECT sqlite_version(*)[0m
Processing by Rails::WelcomeController#index as HTML
  Rendering /home/osboxes/.rbenv/versions/2.7.4/lib/ruby/gems/2.7.0/gems/railties-6.1.4.1/lib/rails/templates/rails/welcome/index.html.erb
  Rendered /home/osboxes/.rbenv/versions/2.7.4/lib/ruby/gems/2.7.0/gems/railties-6.1.4.1/lib/rails/templates/rails/welcome/index.html.erb (Duration: 295.6ms | Allocations: 442)
Completed 200 OK in 885ms (Views: 706.7ms | ActiveRecord: 0.0ms | Allocations: 3575)


  [1m[35m (0.9ms)[0m  [1m[34mSELECT sqlite_version(*)[0m
  [1m[35m (54.3ms)[0m  [1m[35mCREATE TABLE "schema_migrations" ("version" varchar NOT NULL PRIMARY KEY)[0m
  [1m[35m (16.3ms)[0m  [1m[35mCREATE TABLE "ar_internal_metadata" ("key" varchar NOT NULL PRIMARY KEY, "value" varchar, "created_at" datetime(6) NOT NULL, "updated_at" datetime(6) NOT NULL)[0m
  [1m[35m (0.3ms)[0m  [1m[34mSELECT "schema_migrations"."version" FROM "schema_migrations" ORDER BY "schema_migrations"."version" ASC[0m
Migrating to CreateProfessionals (20211113215948)
  [1m[36mTRANSACTION (0.1ms)[0m  [1m[36mbegin transaction[0m
  [1m[35m (7.1ms)[0m  [1m[35mCREATE TABLE "professionals" ("id" integer PRIMARY KEY AUTOINCREMENT NOT NULL, "name" varchar, "created_at" datetime(6) NOT NULL, "updated_at" datetime(6) NOT NULL)[0m
  [1m[35m (0.5ms)[0m  [1m[35mCREATE UNIQUE INDEX "index_professionals_on_name" ON "professionals" ("name")[0m
  [1m[36mActiveRecord::SchemaMigration Create (0.4ms)[0m  [1m[32mINSERT INTO "schema_migrations" ("version") VALUES (?)[0m  [["version", "20211113215948"]]
  [1m[36mTRANSACTION (180.3ms)[0m  [1m[36mcommit transaction[0m
  [1m[36mActiveRecord::InternalMetadata Load (0.3ms)[0m  [1m[34mSELECT "ar_internal_metadata".* FROM "ar_internal_metadata" WHERE "ar_internal_metadata"."key" = ? LIMIT ?[0m  [["key", "environment"], ["LIMIT", 1]]
  [1m[36mTRANSACTION (0.1ms)[0m  [1m[36mbegin transaction[0m
  [1m[36mActiveRecord::InternalMetadata Create (0.4ms)[0m  [1m[32mINSERT INTO "ar_internal_metadata" ("key", "value", "created_at", "updated_at") VALUES (?, ?, ?, ?)[0m  [["key", "environment"], ["value", "development"], ["created_at", "2021-11-13 22:07:30.319501"], ["updated_at", "2021-11-13 22:07:30.319501"]]
  [1m[36mTRANSACTION (7.8ms)[0m  [1m[36mcommit transaction[0m
  [1m[35m (0.1ms)[0m  [1m[34mSELECT sqlite_version(*)[0m
  [1m[35m (0.2ms)[0m  [1m[34mSELECT "schema_migrations"."version" FROM "schema_migrations" ORDER BY "schema_migrations"."version" ASC[0m
  [1m[35m (1.9ms)[0m  [1m[34mSELECT sqlite_version(*)[0m
  [1m[35m (0.3ms)[0m  [1m[34mSELECT "schema_migrations"."version" FROM "schema_migrations" ORDER BY "schema_migrations"."version" ASC[0m
  [1m[36mActiveRecord::InternalMetadata Load (12.1ms)[0m  [1m[34mSELECT "ar_internal_metadata".* FROM "ar_internal_metadata" WHERE "ar_internal_metadata"."key" = ? LIMIT ?[0m  [["key", "environment"], ["LIMIT", 1]]
  [1m[35m (0.2ms)[0m  [1m[34mSELECT sqlite_version(*)[0m
  [1m[35m (0.3ms)[0m  [1m[34mSELECT "schema_migrations"."version" FROM "schema_migrations" ORDER BY "schema_migrations"."version" ASC[0m
  [1m[35m (0.9ms)[0m  [1m[34mSELECT sqlite_version(*)[0m
  [1m[35m (0.2ms)[0m  [1m[34mSELECT "schema_migrations"."version" FROM "schema_migrations" ORDER BY "schema_migrations"."version" ASC[0m
  [1m[36mActiveRecord::InternalMetadata Load (0.3ms)[0m  [1m[34mSELECT "ar_internal_metadata".* FROM "ar_internal_metadata" WHERE "ar_internal_metadata"."key" = ? LIMIT ?[0m  [["key", "environment"], ["LIMIT", 1]]
  [1m[35m (0.1ms)[0m  [1m[34mSELECT sqlite_version(*)[0m
  [1m[35m (0.2ms)[0m  [1m[34mSELECT "schema_migrations"."version" FROM "schema_migrations" ORDER BY "schema_migrations"."version" ASC[0m
  [1m[35m (1.2ms)[0m  [1m[34mSELECT sqlite_version(*)[0m
  [1m[36mProfessional Load (0.9ms)[0m  [1m[34mSELECT "professionals".* FROM "professionals" /* loading for inspect */ LIMIT ?[0m  [["LIMIT", 11]]
  [1m[36mTRANSACTION (0.1ms)[0m  [1m[36mbegin transaction[0m
  [1m[36mProfessional Exists? (0.4ms)[0m  [1m[34mSELECT 1 AS one FROM "professionals" WHERE "professionals"."name" = ? LIMIT ?[0m  [["name", "Lola Martinez"], ["LIMIT", 1]]
  [1m[36mProfessional Create (5.9ms)[0m  [1m[32mINSERT INTO "professionals" ("name", "created_at", "updated_at") VALUES (?, ?, ?)[0m  [["name", "Lola Martinez"], ["created_at", "2021-11-14 12:28:42.727311"], ["updated_at", "2021-11-14 12:28:42.727311"]]
  [1m[36mTRANSACTION (21.0ms)[0m  [1m[36mcommit transaction[0m
  [1m[36mProfessional Load (0.2ms)[0m  [1m[34mSELECT "professionals".* FROM "professionals" /* loading for inspect */ LIMIT ?[0m  [["LIMIT", 11]]
  [1m[36mTRANSACTION (0.1ms)[0m  [1m[36mbegin transaction[0m
  [1m[36mProfessional Exists? (0.4ms)[0m  [1m[34mSELECT 1 AS one FROM "professionals" WHERE "professionals"."name" IS NULL LIMIT ?[0m  [["LIMIT", 1]]
  [1m[36mTRANSACTION (0.1ms)[0m  [1m[31mrollback transaction[0m
  [1m[36mProfessional Load (0.2ms)[0m  [1m[34mSELECT "professionals".* FROM "professionals" /* loading for inspect */ LIMIT ?[0m  [["LIMIT", 11]]
  [1m[35m (0.7ms)[0m  [1m[34mSELECT sqlite_version(*)[0m
  [1m[36mTRANSACTION (0.1ms)[0m  [1m[36mbegin transaction[0m
  [1m[36mProfessional Exists? (0.3ms)[0m  [1m[34mSELECT 1 AS one FROM "professionals" WHERE "professionals"."name" = ? LIMIT ?[0m  [["name", "Marcelo Ortiz"], ["LIMIT", 1]]
  [1m[36mProfessional Create (5.4ms)[0m  [1m[32mINSERT INTO "professionals" ("name", "created_at", "updated_at") VALUES (?, ?, ?)[0m  [["name", "Marcelo Ortiz"], ["created_at", "2021-11-14 12:56:00.098920"], ["updated_at", "2021-11-14 12:56:00.098920"]]
  [1m[36mTRANSACTION (24.1ms)[0m  [1m[36mcommit transaction[0m
  [1m[36mProfessional Load (0.3ms)[0m  [1m[34mSELECT "professionals".* FROM "professionals" /* loading for inspect */ LIMIT ?[0m  [["LIMIT", 11]]
  [1m[36mTRANSACTION (0.1ms)[0m  [1m[36mbegin transaction[0m
  [1m[36mProfessional Exists? (0.2ms)[0m  [1m[34mSELECT 1 AS one FROM "professionals" WHERE "professionals"."name" = ? LIMIT ?[0m  [["name", "Marina Baez"], ["LIMIT", 1]]
  [1m[36mProfessional Create (0.6ms)[0m  [1m[32mINSERT INTO "professionals" ("name", "created_at", "updated_at") VALUES (?, ?, ?)[0m  [["name", "Marina Baez"], ["created_at", "2021-11-14 12:56:53.014840"], ["updated_at", "2021-11-14 12:56:53.014840"]]
  [1m[36mTRANSACTION (27.4ms)[0m  [1m[36mcommit transaction[0m
  [1m[36mProfessional Load (0.3ms)[0m  [1m[34mSELECT "professionals".* FROM "professionals" /* loading for inspect */ LIMIT ?[0m  [["LIMIT", 11]]
  [1m[35m (0.8ms)[0m  [1m[34mSELECT sqlite_version(*)[0m
  [1m[35m (0.3ms)[0m  [1m[34mSELECT "schema_migrations"."version" FROM "schema_migrations" ORDER BY "schema_migrations"."version" ASC[0m
  [1m[35m (0.8ms)[0m  [1m[34mSELECT sqlite_version(*)[0m
  [1m[35m (0.2ms)[0m  [1m[34mSELECT "schema_migrations"."version" FROM "schema_migrations" ORDER BY "schema_migrations"."version" ASC[0m
Migrating to CreateAppointments (20211114123945)
  [1m[36mTRANSACTION (0.1ms)[0m  [1m[36mbegin transaction[0m
  [1m[35m (0.7ms)[0m  [1m[35mCREATE TABLE "appointments" ("id" integer PRIMARY KEY AUTOINCREMENT NOT NULL, "date" datetime NOT NULL, "name" varchar NOT NULL, "professional_id" integer NOT NULL, "surname" varchar NOT NULL, "phone" varchar NOT NULL, "notes" varchar, "created_at" datetime(6) NOT NULL, "updated_at" datetime(6) NOT NULL, CONSTRAINT "fk_rails_e6009ecf68"
FOREIGN KEY ("professional_id")
  REFERENCES "professionals" ("id")
)[0m
  [1m[35m (0.4ms)[0m  [1m[35mCREATE INDEX "index_appointments_on_professional_id" ON "appointments" ("professional_id")[0m
  [1m[36mActiveRecord::SchemaMigration Create (0.4ms)[0m  [1m[32mINSERT INTO "schema_migrations" ("version") VALUES (?)[0m  [["version", "20211114123945"]]
  [1m[36mTRANSACTION (31.2ms)[0m  [1m[36mcommit transaction[0m
  [1m[36mActiveRecord::InternalMetadata Load (0.6ms)[0m  [1m[34mSELECT "ar_internal_metadata".* FROM "ar_internal_metadata" WHERE "ar_internal_metadata"."key" = ? LIMIT ?[0m  [["key", "environment"], ["LIMIT", 1]]
  [1m[35m (0.2ms)[0m  [1m[34mSELECT sqlite_version(*)[0m
  [1m[35m (0.3ms)[0m  [1m[34mSELECT "schema_migrations"."version" FROM "schema_migrations" ORDER BY "schema_migrations"."version" ASC[0m
  [1m[35m (0.7ms)[0m  [1m[34mSELECT sqlite_version(*)[0m
  [1m[35m (0.3ms)[0m  [1m[34mSELECT "schema_migrations"."version" FROM "schema_migrations" ORDER BY "schema_migrations"."version" ASC[0m
  [1m[35m (0.8ms)[0m  [1m[34mSELECT sqlite_version(*)[0m
  [1m[36mTRANSACTION (0.2ms)[0m  [1m[36mbegin transaction[0m
  [1m[36mProfessional Load (0.3ms)[0m  [1m[34mSELECT "professionals".* FROM "professionals" WHERE "professionals"."id" = ? LIMIT ?[0m  [["id", 1], ["LIMIT", 1]]
  [1m[36mAppointment Create (0.6ms)[0m  [1m[32mINSERT INTO "appointments" ("date", "name", "professional_id", "surname", "phone", "created_at", "updated_at") VALUES (?, ?, ?, ?, ?, ?, ?)[0m  [["date", "2021-11-11 13:00:00"], ["name", "Mailen"], ["professional_id", 1], ["surname", "Bonavita"], ["phone", "11123121"], ["created_at", "2021-11-14 13:10:45.944631"], ["updated_at", "2021-11-14 13:10:45.944631"]]
  [1m[36mTRANSACTION (10.4ms)[0m  [1m[36mcommit transaction[0m
  [1m[36mAppointment Load (0.5ms)[0m  [1m[34mSELECT "appointments".* FROM "appointments" /* loading for inspect */ LIMIT ?[0m  [["LIMIT", 11]]
  [1m[36mAppointment Load (0.3ms)[0m  [1m[34mSELECT "appointments".* FROM "appointments" ORDER BY "appointments"."id" ASC LIMIT ?[0m  [["LIMIT", 1]]
  [1m[36mTRANSACTION (0.1ms)[0m  [1m[36mbegin transaction[0m
  [1m[36mProfessional Load (0.2ms)[0m  [1m[34mSELECT "professionals".* FROM "professionals" WHERE "professionals"."id" = ? LIMIT ?[0m  [["id", 1], ["LIMIT", 1]]
  [1m[36mAppointment Create (0.7ms)[0m  [1m[32mINSERT INTO "appointments" ("date", "name", "professional_id", "surname", "phone", "notes", "created_at", "updated_at") VALUES (?, ?, ?, ?, ?, ?, ?, ?)[0m  [["date", "2021-12-12 11:00:00"], ["name", "Malena"], ["professional_id", 1], ["surname", "KAILE"], ["phone", "1111111"], ["notes", "It is important to teach students about recycling since from a young age we can take care of the environment and leave a positive ecological footprint\n\nRecycling is the action of reusing certain items, such as: glass, plastic, cardboard or paper containers.\n\nRecycling takes care of the environment, since it prevents us from throwing away certain items and also from reusing them. Recycling actions help this planet as pollution reaches extreme levels"], ["created_at", "2021-11-14 13:21:13.445036"], ["updated_at", "2021-11-14 13:21:13.445036"]]
  [1m[36mTRANSACTION (70.6ms)[0m  [1m[36mcommit transaction[0m
  [1m[36mAppointment Load (0.3ms)[0m  [1m[34mSELECT "appointments".* FROM "appointments" /* loading for inspect */ LIMIT ?[0m  [["LIMIT", 11]]
  [1m[36mTRANSACTION (0.1ms)[0m  [1m[36mbegin transaction[0m
  [1m[36mProfessional Load (0.1ms)[0m  [1m[34mSELECT "professionals".* FROM "professionals" WHERE "professionals"."id" = ? LIMIT ?[0m  [["id", 2], ["LIMIT", 1]]
  [1m[36mAppointment Create (0.6ms)[0m  [1m[32mINSERT INTO "appointments" ("date", "name", "professional_id", "surname", "phone", "notes", "created_at", "updated_at") VALUES (?, ?, ?, ?, ?, ?, ?, ?)[0m  [["date", "2021-11-21 11:21:00"], ["name", "Anahi"], ["professional_id", 2], ["surname", "Bonavita"], ["phone", "12121212"], ["notes", "It is important to teach students about recycling since from a young age we can take care of the environment and leave a positive ecological footprint It is important to teach students about recycling since from a young age we can take care of the environment and leave a positive ecological footprint"], ["created_at", "2021-11-14 13:28:19.215776"], ["updated_at", "2021-11-14 13:28:19.215776"]]
  [1m[36mTRANSACTION (31.4ms)[0m  [1m[36mcommit transaction[0m
